[Thu Nov 28 15:35:14.853790 2019] [ssl:warn] [pid 3264:tid 712] AH01909: www.example.com:443:0 server certificate does NOT include an ID which matches the server name
[Thu Nov 28 15:35:14.895945 2019] [ssl:warn] [pid 3264:tid 712] AH01909: www.example.com:443:0 server certificate does NOT include an ID which matches the server name
[Thu Nov 28 15:35:15.030265 2019] [mpm_winnt:notice] [pid 3264:tid 712] AH00455: Apache/2.4.41 (Win64) OpenSSL/1.1.1c PHP/7.3.11 configured -- resuming normal operations
[Thu Nov 28 15:35:15.030265 2019] [mpm_winnt:notice] [pid 3264:tid 712] AH00456: Apache Lounge VC15 Server built: Aug 11 2019 12:20:04
[Thu Nov 28 15:35:15.030265 2019] [core:notice] [pid 3264:tid 712] AH00094: Command line: 'c:\\xampp\\apache\\bin\\httpd.exe -d C:/xampp/apache'
[Thu Nov 28 15:35:15.037257 2019] [mpm_winnt:notice] [pid 3264:tid 712] AH00418: Parent: Created child process 8392
[Thu Nov 28 15:35:15.832305 2019] [ssl:warn] [pid 8392:tid 608] AH01909: www.example.com:443:0 server certificate does NOT include an ID which matches the server name
[Thu Nov 28 15:35:15.863558 2019] [ssl:warn] [pid 8392:tid 608] AH01909: www.example.com:443:0 server certificate does NOT include an ID which matches the server name
[Thu Nov 28 15:35:15.894807 2019] [mpm_winnt:notice] [pid 8392:tid 608] AH00354: Child: Starting 150 worker threads.
[Thu Nov 28 15:35:20.840652 2019] [mpm_winnt:crit] [pid 8392:tid 608] AH02538: Child: Parent process exited abruptly. Child process is ending
[Thu Nov 28 15:36:50.223684 2019] [ssl:warn] [pid 10628:tid 684] AH01909: www.example.com:443:0 server certificate does NOT include an ID which matches the server name
[Thu Nov 28 15:36:50.254663 2019] [core:warn] [pid 10628:tid 684] AH00098: pid file C:/xampp/apache/logs/httpd.pid overwritten -- Unclean shutdown of previous Apache run?
[Thu Nov 28 15:36:50.256662 2019] [ssl:warn] [pid 10628:tid 684] AH01909: www.example.com:443:0 server certificate does NOT include an ID which matches the server name
[Thu Nov 28 15:36:50.288645 2019] [mpm_winnt:notice] [pid 10628:tid 684] AH00455: Apache/2.4.41 (Win64) OpenSSL/1.1.1c PHP/7.3.11 configured -- resuming normal operations
[Thu Nov 28 15:36:50.289643 2019] [mpm_winnt:notice] [pid 10628:tid 684] AH00456: Apache Lounge VC15 Server built: Aug 11 2019 12:20:04
[Thu Nov 28 15:36:50.289643 2019] [core:notice] [pid 10628:tid 684] AH00094: Command line: 'C:\\xampp\\apache\\bin\\httpd.exe -d C:/xampp/apache'
[Thu Nov 28 15:36:50.291642 2019] [mpm_winnt:notice] [pid 10628:tid 684] AH00418: Parent: Created child process 9812
[Thu Nov 28 15:36:50.747171 2019] [ssl:warn] [pid 9812:tid 616] AH01909: www.example.com:443:0 server certificate does NOT include an ID which matches the server name
[Thu Nov 28 15:36:50.777030 2019] [ssl:warn] [pid 9812:tid 616] AH01909: www.example.com:443:0 server certificate does NOT include an ID which matches the server name
[Thu Nov 28 15:36:50.807013 2019] [mpm_winnt:notice] [pid 9812:tid 616] AH00354: Child: Starting 150 worker threads.
[Thu Nov 28 15:37:46.496186 2019] [mpm_winnt:notice] [pid 10628:tid 684] AH00422: Parent: Received shutdown signal -- Shutting down the server.
[Thu Nov 28 15:37:48.499734 2019] [mpm_winnt:notice] [pid 9812:tid 616] AH00364: Child: All worker threads have exited.
[Thu Nov 28 15:37:48.533315 2019] [mpm_winnt:notice] [pid 10628:tid 684] AH00430: Parent: Child process 9812 exited successfully.
[Thu Nov 28 15:37:52.124923 2019] [ssl:warn] [pid 332:tid 668] AH01909: www.example.com:443:0 server certificate does NOT include an ID which matches the server name
[Thu Nov 28 15:37:52.154923 2019] [ssl:warn] [pid 332:tid 668] AH01909: www.example.com:443:0 server certificate does NOT include an ID which matches the server name
[Thu Nov 28 15:37:52.178991 2019] [mpm_winnt:notice] [pid 332:tid 668] AH00455: Apache/2.4.41 (Win64) OpenSSL/1.1.1c PHP/7.3.11 configured -- resuming normal operations
[Thu Nov 28 15:37:52.178991 2019] [mpm_winnt:notice] [pid 332:tid 668] AH00456: Apache Lounge VC15 Server built: Aug 11 2019 12:20:04
[Thu Nov 28 15:37:52.178991 2019] [core:notice] [pid 332:tid 668] AH00094: Command line: 'C:\\xampp\\apache\\bin\\httpd.exe -d C:/xampp/apache'
[Thu Nov 28 15:37:52.180989 2019] [mpm_winnt:notice] [pid 332:tid 668] AH00418: Parent: Created child process 7412
[Thu Nov 28 15:37:52.682281 2019] [ssl:warn] [pid 7412:tid 560] AH01909: www.example.com:443:0 server certificate does NOT include an ID which matches the server name
[Thu Nov 28 15:37:52.711820 2019] [ssl:warn] [pid 7412:tid 560] AH01909: www.example.com:443:0 server certificate does NOT include an ID which matches the server name
[Thu Nov 28 15:37:52.741802 2019] [mpm_winnt:notice] [pid 7412:tid 560] AH00354: Child: Starting 150 worker threads.
[Thu Nov 28 15:38:02.974862 2019] [php7:notice] [pid 7412:tid 1964] [client ::1:50244] PHP Notice:  Undefined index: user in C:\\xampp\\htdocs\\index.php on line 13
[Thu Nov 28 15:38:02.976860 2019] [php7:notice] [pid 7412:tid 1964] [client ::1:50244] PHP Notice:  Trying to get property 'fullName' of non-object in C:\\xampp\\htdocs\\index.php on line 15
[Thu Nov 28 15:38:55.068912 2019] [php7:warn] [pid 7412:tid 1932] [client ::1:50264] PHP Warning:  mysqli::__construct(): (HY000/1049): Unknown database 'phonemanager' in C:\\xampp\\htdocs\\baitapgiohang\\model\\phone.php on line 25, referer: http://localhost:8081/baitapgiohang/
[Thu Nov 28 15:38:55.070502 2019] [php7:warn] [pid 7412:tid 1932] [client ::1:50264] PHP Warning:  mysqli::set_charset(): Couldn't fetch mysqli in C:\\xampp\\htdocs\\baitapgiohang\\model\\phone.php on line 26, referer: http://localhost:8081/baitapgiohang/
[Thu Nov 28 15:41:06.819321 2019] [php7:notice] [pid 7412:tid 1936] [client ::1:50366] PHP Notice:  Undefined index: cart in C:\\xampp\\htdocs\\baitapgiohang\\cartView.php on line 13, referer: http://localhost:8081/baitapgiohang/product.php
[Thu Nov 28 15:41:06.819321 2019] [php7:warn] [pid 7412:tid 1936] [client ::1:50366] PHP Warning:  Invalid argument supplied for foreach() in C:\\xampp\\htdocs\\baitapgiohang\\cartView.php on line 93, referer: http://localhost:8081/baitapgiohang/product.php
[Thu Nov 28 15:41:43.886808 2019] [php7:notice] [pid 7412:tid 1932] [client ::1:50378] PHP Notice:  Undefined index: cart in C:\\xampp\\htdocs\\baitapgiohang\\cartView.php on line 13, referer: http://localhost:8081/baitapgiohang/product.php
[Thu Nov 28 15:41:43.900798 2019] [php7:warn] [pid 7412:tid 1932] [client ::1:50378] PHP Warning:  Invalid argument supplied for foreach() in C:\\xampp\\htdocs\\baitapgiohang\\cartView.php on line 43, referer: http://localhost:8081/baitapgiohang/product.php
[Thu Nov 28 15:41:43.900798 2019] [php7:warn] [pid 7412:tid 1932] [client ::1:50378] PHP Warning:  array_push() expects parameter 1 to be array, bool given in C:\\xampp\\htdocs\\baitapgiohang\\cartView.php on line 54, referer: http://localhost:8081/baitapgiohang/product.php
[Thu Nov 28 15:41:43.900798 2019] [php7:warn] [pid 7412:tid 1932] [client ::1:50378] PHP Warning:  Invalid argument supplied for foreach() in C:\\xampp\\htdocs\\baitapgiohang\\cartView.php on line 93, referer: http://localhost:8081/baitapgiohang/product.php
[Thu Nov 28 15:41:43.909795 2019] [php7:warn] [pid 7412:tid 1932] [client ::1:50378] PHP Warning:  Invalid argument supplied for foreach() in C:\\xampp\\htdocs\\baitapgiohang\\cartView.php on line 93, referer: http://localhost:8081/baitapgiohang/product.php
[Thu Nov 28 15:44:50.412681 2019] [php7:warn] [pid 7412:tid 1932] [client ::1:50406] PHP Warning:  Invalid argument supplied for foreach() in C:\\xampp\\htdocs\\baitapgiohang\\cartView.php on line 94, referer: http://localhost:8081/baitapgiohang/product.php
[Thu Nov 28 15:44:51.381436 2019] [php7:warn] [pid 7412:tid 1936] [client ::1:50405] PHP Warning:  Invalid argument supplied for foreach() in C:\\xampp\\htdocs\\baitapgiohang\\cartView.php on line 94, referer: http://localhost:8081/baitapgiohang/product.php
[Thu Nov 28 15:44:52.002804 2019] [php7:warn] [pid 7412:tid 1936] [client ::1:50405] PHP Warning:  Invalid argument supplied for foreach() in C:\\xampp\\htdocs\\baitapgiohang\\cartView.php on line 94, referer: http://localhost:8081/baitapgiohang/product.php
[Thu Nov 28 15:44:52.647012 2019] [php7:warn] [pid 7412:tid 1936] [client ::1:50405] PHP Warning:  Invalid argument supplied for foreach() in C:\\xampp\\htdocs\\baitapgiohang\\cartView.php on line 94, referer: http://localhost:8081/baitapgiohang/product.php
[Thu Nov 28 15:44:52.820107 2019] [php7:warn] [pid 7412:tid 1936] [client ::1:50405] PHP Warning:  Invalid argument supplied for foreach() in C:\\xampp\\htdocs\\baitapgiohang\\cartView.php on line 94, referer: http://localhost:8081/baitapgiohang/product.php
[Thu Nov 28 15:45:22.984552 2019] [php7:warn] [pid 7412:tid 1940] [client ::1:50420] PHP Warning:  Invalid argument supplied for foreach() in C:\\xampp\\htdocs\\baitapgiohang\\cartView.php on line 21, referer: http://localhost:8081/baitapgiohang/detail.php?phoneid=1
[Thu Nov 28 15:45:22.984552 2019] [php7:warn] [pid 7412:tid 1940] [client ::1:50420] PHP Warning:  array_push() expects parameter 1 to be array, bool given in C:\\xampp\\htdocs\\baitapgiohang\\cartView.php on line 32, referer: http://localhost:8081/baitapgiohang/detail.php?phoneid=1
[Thu Nov 28 15:45:22.984552 2019] [php7:warn] [pid 7412:tid 1940] [client ::1:50420] PHP Warning:  Invalid argument supplied for foreach() in C:\\xampp\\htdocs\\baitapgiohang\\cartView.php on line 94, referer: http://localhost:8081/baitapgiohang/detail.php?phoneid=1
[Thu Nov 28 15:45:22.993547 2019] [php7:warn] [pid 7412:tid 1940] [client ::1:50420] PHP Warning:  Invalid argument supplied for foreach() in C:\\xampp\\htdocs\\baitapgiohang\\cartView.php on line 94, referer: http://localhost:8081/baitapgiohang/detail.php?phoneid=1
[Thu Nov 28 15:49:09.820996 2019] [php7:warn] [pid 7412:tid 1940] [client ::1:50597] PHP Warning:  Invalid argument supplied for foreach() in C:\\xampp\\htdocs\\baitapgiohang\\cartView.php on line 94, referer: http://localhost:8081/baitapgiohang/detail.php?phoneid=1
[Thu Nov 28 15:49:27.002796 2019] [php7:warn] [pid 7412:tid 1960] [client ::1:50608] PHP Warning:  Invalid argument supplied for foreach() in C:\\xampp\\htdocs\\baitapgiohang\\cartView.php on line 94, referer: http://localhost:8081/baitapgiohang/detail.php?phoneid=1
[Thu Nov 28 15:49:38.718132 2019] [php7:warn] [pid 7412:tid 1964] [client ::1:50626] PHP Warning:  Invalid argument supplied for foreach() in C:\\xampp\\htdocs\\baitapgiohang\\cartView.php on line 44, referer: http://localhost:8081/baitapgiohang/product.php
[Thu Nov 28 15:49:38.718132 2019] [php7:warn] [pid 7412:tid 1964] [client ::1:50626] PHP Warning:  array_push() expects parameter 1 to be array, bool given in C:\\xampp\\htdocs\\baitapgiohang\\cartView.php on line 55, referer: http://localhost:8081/baitapgiohang/product.php
[Thu Nov 28 15:49:38.718132 2019] [php7:warn] [pid 7412:tid 1964] [client ::1:50626] PHP Warning:  Invalid argument supplied for foreach() in C:\\xampp\\htdocs\\baitapgiohang\\cartView.php on line 94, referer: http://localhost:8081/baitapgiohang/product.php
[Thu Nov 28 15:49:38.727130 2019] [php7:warn] [pid 7412:tid 1964] [client ::1:50626] PHP Warning:  Invalid argument supplied for foreach() in C:\\xampp\\htdocs\\baitapgiohang\\cartView.php on line 94, referer: http://localhost:8081/baitapgiohang/product.php
[Thu Nov 28 15:50:08.610541 2019] [php7:notice] [pid 7412:tid 1960] [client ::1:50642] PHP Notice:  Undefined index: cart in C:\\xampp\\htdocs\\baitapgiohang\\cartView.php on line 13, referer: http://localhost:8081/baitapgiohang/product.php
[Thu Nov 28 15:50:08.612539 2019] [php7:warn] [pid 7412:tid 1960] [client ::1:50642] PHP Warning:  Invalid argument supplied for foreach() in C:\\xampp\\htdocs\\baitapgiohang\\cartView.php on line 44, referer: http://localhost:8081/baitapgiohang/product.php
[Thu Nov 28 15:50:08.612539 2019] [php7:warn] [pid 7412:tid 1960] [client ::1:50642] PHP Warning:  array_push() expects parameter 1 to be array, bool given in C:\\xampp\\htdocs\\baitapgiohang\\cartView.php on line 55, referer: http://localhost:8081/baitapgiohang/product.php
[Thu Nov 28 15:50:08.612539 2019] [php7:warn] [pid 7412:tid 1960] [client ::1:50642] PHP Warning:  Invalid argument supplied for foreach() in C:\\xampp\\htdocs\\baitapgiohang\\cartView.php on line 94, referer: http://localhost:8081/baitapgiohang/product.php
[Thu Nov 28 15:50:08.622533 2019] [php7:warn] [pid 7412:tid 1960] [client ::1:50642] PHP Warning:  Invalid argument supplied for foreach() in C:\\xampp\\htdocs\\baitapgiohang\\cartView.php on line 94, referer: http://localhost:8081/baitapgiohang/product.php
[Thu Nov 28 15:57:02.943213 2019] [php7:notice] [pid 7412:tid 1956] [client ::1:50783] PHP Notice:  Undefined index: cart in C:\\xampp\\htdocs\\baitapgiohang\\cartView.php on line 13, referer: http://localhost:8081/baitapgiohang/product.php?phoneSearch=iphone
[Thu Nov 28 15:57:02.943213 2019] [php7:warn] [pid 7412:tid 1956] [client ::1:50783] PHP Warning:  Invalid argument supplied for foreach() in C:\\xampp\\htdocs\\baitapgiohang\\cartView.php on line 95, referer: http://localhost:8081/baitapgiohang/product.php?phoneSearch=iphone
[Thu Nov 28 15:57:11.047430 2019] [php7:notice] [pid 7412:tid 1960] [client ::1:50807] PHP Notice:  Undefined index: cart in C:\\xampp\\htdocs\\baitapgiohang\\cartView.php on line 13, referer: http://localhost:8081/baitapgiohang/product.php
[Thu Nov 28 15:57:11.049431 2019] [php7:warn] [pid 7412:tid 1960] [client ::1:50807] PHP Warning:  Invalid argument supplied for foreach() in C:\\xampp\\htdocs\\baitapgiohang\\cartView.php on line 45, referer: http://localhost:8081/baitapgiohang/product.php
[Thu Nov 28 15:57:11.049431 2019] [php7:warn] [pid 7412:tid 1960] [client ::1:50807] PHP Warning:  array_push() expects parameter 1 to be array, bool given in C:\\xampp\\htdocs\\baitapgiohang\\cartView.php on line 56, referer: http://localhost:8081/baitapgiohang/product.php
[Thu Nov 28 15:57:11.049431 2019] [php7:warn] [pid 7412:tid 1960] [client ::1:50807] PHP Warning:  Invalid argument supplied for foreach() in C:\\xampp\\htdocs\\baitapgiohang\\cartView.php on line 95, referer: http://localhost:8081/baitapgiohang/product.php
[Thu Nov 28 15:57:11.058426 2019] [php7:warn] [pid 7412:tid 1960] [client ::1:50807] PHP Warning:  Invalid argument supplied for foreach() in C:\\xampp\\htdocs\\baitapgiohang\\cartView.php on line 95, referer: http://localhost:8081/baitapgiohang/product.php
[Thu Nov 28 15:59:56.742780 2019] [php7:warn] [pid 7412:tid 1960] [client ::1:50826] PHP Warning:  Invalid argument supplied for foreach() in C:\\xampp\\htdocs\\baitapgiohang\\cartView.php on line 99, referer: http://localhost:8081/baitapgiohang/product.php
[Thu Nov 28 16:08:54.417625 2019] [php7:notice] [pid 7412:tid 1932] [client ::1:50977] PHP Notice:  Undefined index: user in C:\\xampp\\htdocs\\index.php on line 13
[Thu Nov 28 16:08:54.417625 2019] [php7:notice] [pid 7412:tid 1932] [client ::1:50977] PHP Notice:  Trying to get property 'fullName' of non-object in C:\\xampp\\htdocs\\index.php on line 15
