InnoDB: using atomic writes.
2019-11-28 15:36:50 0 [Note] InnoDB: Mutexes and rw_locks use Windows interlocked functions
2019-11-28 15:36:50 0 [Note] InnoDB: Uses event mutexes
2019-11-28 15:36:50 0 [Note] InnoDB: Compressed tables use zlib 1.2.11
2019-11-28 15:36:50 0 [Note] InnoDB: Number of pools: 1
2019-11-28 15:36:50 0 [Note] InnoDB: Using SSE2 crc32 instructions
2019-11-28 15:36:50 0 [Note] InnoDB: Initializing buffer pool, total size = 16M, instances = 1, chunk size = 16M
2019-11-28 15:36:50 0 [Note] InnoDB: Completed initialization of buffer pool
2019-11-28 15:36:50 0 [Note] InnoDB: Starting crash recovery from checkpoint LSN=300288
2019-11-28 15:36:50 0 [Note] InnoDB: 128 out of 128 rollback segments are active.
2019-11-28 15:36:50 0 [Note] InnoDB: Removed temporary tablespace data file: "ibtmp1"
2019-11-28 15:36:50 0 [Note] InnoDB: Creating shared tablespace for temporary tables
2019-11-28 15:36:50 0 [Note] InnoDB: Setting file 'C:\xampp\mysql\data\ibtmp1' size to 12 MB. Physically writing the file full; Please wait ...
2019-11-28 15:36:50 0 [Note] InnoDB: File 'C:\xampp\mysql\data\ibtmp1' size is now 12 MB.
2019-11-28 15:36:50 0 [Note] InnoDB: Waiting for purge to start
2019-11-28 15:36:50 0 [Note] InnoDB: 10.4.8 started; log sequence number 300297; transaction id 171
2019-11-28 15:36:50 0 [Note] InnoDB: Loading buffer pool(s) from C:\xampp\mysql\data\ib_buffer_pool
2019-11-28 15:36:50 0 [Note] Plugin 'FEEDBACK' is disabled.
2019-11-28 15:36:50 0 [Note] InnoDB: Buffer pool(s) load completed at 191128 15:36:50
2019-11-28 15:36:50 0 [Note] Server socket created on IP: '::'.
2019-11-28 15:36:50 0 [Note] Reading of all Master_info entries succeeded
2019-11-28 15:36:50 0 [Note] Added new Master_info '' to hash table
2019-11-28 15:36:50 0 [Note] C:\xampp\mysql\bin\mysqld.exe: ready for connections.
Version: '10.4.8-MariaDB'  socket: ''  port: 3306  mariadb.org binary distribution
2019-11-28 15:37:48 0 [Note] C:\xampp\mysql\bin\mysqld.exe (initiated by: unknown): Normal shutdown
2019-11-28 15:37:48 0 [Note] Event Scheduler: Purging the queue. 0 events
2019-11-28 15:37:48 0 [Note] InnoDB: FTS optimize thread exiting.
2019-11-28 15:37:48 0 [Note] InnoDB: Starting shutdown...
2019-11-28 15:37:48 0 [Note] InnoDB: Dumping buffer pool(s) to C:\xampp\mysql\data\ib_buffer_pool
2019-11-28 15:37:48 0 [Note] InnoDB: Instance 0, restricted to 250 pages due to innodb_buf_pool_dump_pct=25
2019-11-28 15:37:48 0 [Note] InnoDB: Buffer pool(s) dump completed at 191128 15:37:48
2019-11-28 15:37:49 0 [Note] InnoDB: Shutdown completed; log sequence number 300315; transaction id 172
2019-11-28 15:37:49 0 [Note] InnoDB: Removed temporary tablespace data file: "ibtmp1"
2019-11-28 15:37:49 0 [Note] C:\xampp\mysql\bin\mysqld.exe: Shutdown complete

InnoDB: using atomic writes.
2019-11-28 15:37:53 0 [Note] InnoDB: Mutexes and rw_locks use Windows interlocked functions
2019-11-28 15:37:53 0 [Note] InnoDB: Uses event mutexes
2019-11-28 15:37:53 0 [Note] InnoDB: Compressed tables use zlib 1.2.11
2019-11-28 15:37:53 0 [Note] InnoDB: Number of pools: 1
2019-11-28 15:37:53 0 [Note] InnoDB: Using SSE2 crc32 instructions
2019-11-28 15:37:53 0 [Note] InnoDB: Initializing buffer pool, total size = 16M, instances = 1, chunk size = 16M
2019-11-28 15:37:53 0 [Note] InnoDB: Completed initialization of buffer pool
2019-11-28 15:37:53 0 [Note] InnoDB: 128 out of 128 rollback segments are active.
2019-11-28 15:37:53 0 [Note] InnoDB: Creating shared tablespace for temporary tables
2019-11-28 15:37:53 0 [Note] InnoDB: Setting file 'C:\xampp\mysql\data\ibtmp1' size to 12 MB. Physically writing the file full; Please wait ...
2019-11-28 15:37:53 0 [Note] InnoDB: File 'C:\xampp\mysql\data\ibtmp1' size is now 12 MB.
2019-11-28 15:37:53 0 [Note] InnoDB: Waiting for purge to start
2019-11-28 15:37:53 0 [Note] InnoDB: 10.4.8 started; log sequence number 300315; transaction id 171
2019-11-28 15:37:53 0 [Note] Plugin 'FEEDBACK' is disabled.
2019-11-28 15:37:53 0 [Note] InnoDB: Loading buffer pool(s) from C:\xampp\mysql\data\ib_buffer_pool
2019-11-28 15:37:53 0 [Note] Server socket created on IP: '::'.
2019-11-28 15:37:53 0 [Note] InnoDB: Buffer pool(s) load completed at 191128 15:37:53
2019-11-28 15:37:53 0 [Note] Reading of all Master_info entries succeeded
2019-11-28 15:37:53 0 [Note] Added new Master_info '' to hash table
2019-11-28 15:37:53 0 [Note] C:\xampp\mysql\bin\mysqld.exe: ready for connections.
Version: '10.4.8-MariaDB'  socket: ''  port: 3306  mariadb.org binary distribution
